<?xml version="1.0" encoding="UTF-8"?>
<testng-results ignored="6" total="10" passed="4" failed="0" skipped="0">
  <reporter-output>
  </reporter-output>
  <suite started-at="2022-10-12T21:48:19 GMT-04:00" name="Loan Department" finished-at="2022-10-12T21:48:19 GMT-04:00" duration-ms="66">
    <groups>
      <group name="Gaja">
        <method signature="test2.sheLog()[pri:0, instance:basic.test2@c333c60]" name="sheLog" class="basic.test2"/>
        <method signature="test2.sheOut()[pri:0, instance:basic.test2@c333c60]" name="sheOut" class="basic.test2"/>
        <method signature="test3.mobilecarloan()[pri:0, instance:basic.test3@66498326]" name="mobilecarloan" class="basic.test3"/>
        <method signature="test4.Apihomeloan()[pri:0, instance:basic.test4@2accdbb5]" name="Apihomeloan" class="basic.test4"/>
      </group> <!-- Gaja -->
    </groups>
    <test started-at="2022-10-12T21:48:19 GMT-04:00" name="Personal Loan" finished-at="2022-10-12T21:48:19 GMT-04:00" duration-ms="66">
      <class name="basic.test4">
        <test-method signature="Apihomeloan()[pri:0, instance:basic.test4@2accdbb5]" started-at="2022-10-12T21:48:19 GMT-04:00" name="Apihomeloan" finished-at="2022-10-12T21:48:19 GMT-04:00" duration-ms="1" status="PASS">
          <reporter-output>
          </reporter-output>
        </test-method> <!-- Apihomeloan -->
      </class> <!-- basic.test4 -->
      <class name="basic.test3">
        <test-method signature="mobilecarloan()[pri:0, instance:basic.test3@66498326]" started-at="2022-10-12T21:48:19 GMT-04:00" name="mobilecarloan" finished-at="2022-10-12T21:48:19 GMT-04:00" duration-ms="1" status="PASS">
          <reporter-output>
          </reporter-output>
        </test-method> <!-- mobilecarloan -->
      </class> <!-- basic.test3 -->
      <class name="basic.test2">
        <test-method signature="sheLog()[pri:0, instance:basic.test2@c333c60]" started-at="2022-10-12T21:48:19 GMT-04:00" name="sheLog" finished-at="2022-10-12T21:48:19 GMT-04:00" duration-ms="9" status="PASS">
          <reporter-output>
          </reporter-output>
        </test-method> <!-- sheLog -->
        <test-method signature="sheOut()[pri:0, instance:basic.test2@c333c60]" started-at="2022-10-12T21:48:19 GMT-04:00" name="sheOut" finished-at="2022-10-12T21:48:19 GMT-04:00" duration-ms="2" status="PASS">
          <reporter-output>
          </reporter-output>
        </test-method> <!-- sheOut -->
      </class> <!-- basic.test2 -->
    </test> <!-- Personal Loan -->
  </suite> <!-- Loan Department -->
</testng-results>
