<?xml version="1.0" encoding="UTF-8"?>
<testng-results ignored="0" total="2" passed="2" failed="0" skipped="0">
  <reporter-output>
  </reporter-output>
  <suite started-at="2023-02-15T17:54:21 GMT-05:00" name="Default suite" finished-at="2023-02-15T17:54:45 GMT-05:00" duration-ms="24017">
    <groups>
    </groups>
    <test started-at="2023-02-15T17:54:21 GMT-05:00" name="Default test" finished-at="2023-02-15T17:54:45 GMT-05:00" duration-ms="24017">
      <class name="Tests.Test1">
        <test-method is-config="true" signature="launchApplication()[pri:0, instance:Tests.Test1@783a467b]" started-at="2023-02-15T17:54:21 GMT-05:00" name="launchApplication" finished-at="2023-02-15T17:54:30 GMT-05:00" duration-ms="9326" status="PASS">
          <reporter-output>
          </reporter-output>
        </test-method> <!-- launchApplication -->
        <test-method signature="LoginErrorValidation()[pri:0, instance:Tests.Test1@783a467b]" started-at="2023-02-15T17:54:30 GMT-05:00" name="LoginErrorValidation" finished-at="2023-02-15T17:54:31 GMT-05:00" duration-ms="752" status="PASS">
          <reporter-output>
          </reporter-output>
        </test-method> <!-- LoginErrorValidation -->
        <test-method is-config="true" signature="launchApplication()[pri:0, instance:Tests.Test1@783a467b]" started-at="2023-02-15T17:54:31 GMT-05:00" name="launchApplication" finished-at="2023-02-15T17:54:41 GMT-05:00" duration-ms="10385" status="PASS">
          <reporter-output>
          </reporter-output>
        </test-method> <!-- launchApplication -->
        <test-method signature="ProductErrorValidation()[pri:0, instance:Tests.Test1@783a467b]" started-at="2023-02-15T17:54:41 GMT-05:00" name="ProductErrorValidation" finished-at="2023-02-15T17:54:45 GMT-05:00" duration-ms="3478" status="PASS">
          <reporter-output>
          </reporter-output>
        </test-method> <!-- ProductErrorValidation -->
      </class> <!-- Tests.Test1 -->
    </test> <!-- Default test -->
  </suite> <!-- Default suite -->
</testng-results>
