<?xml version="1.0" encoding="UTF-8"?>
<!-- Generated by org.testng.reporters.JUnitXMLReporter -->
<testsuite ignored="2" hostname="LAPTOP-833PJ8RO" failures="0" tests="1" name="car Loan" time="0.004" errors="0" timestamp="2022-10-12T17:48:55 GMT-04:00">
  <testcase classname="basic.test3" name="Apicarloan" time="0.001"/>
  <testcase classname="basic.test3" name="mobilecarloan" time="0.0">
    <ignored/>
  </testcase> <!-- mobilecarloan -->
  <testcase classname="basic.test3" name="webcarloan" time="0.0">
    <ignored/>
  </testcase> <!-- webcarloan -->
</testsuite> <!-- car Loan -->
