<?xml version="1.0" encoding="UTF-8"?>
<!-- Generated by org.testng.reporters.JUnitXMLReporter -->
<testsuite ignored="1" hostname="LAPTOP-833PJ8RO" failures="0" tests="2" name="Home Loan" time="0.007" errors="0" timestamp="2022-10-12T17:48:55 GMT-04:00">
  <testcase classname="basic.test4" name="Apihomeloan" time="0.001"/>
  <testcase classname="basic.test4" name="webhomeloan" time="0.002"/>
  <testcase classname="basic.test4" name="mobilehomeloan" time="0.0">
    <ignored/>
  </testcase> <!-- mobilehomeloan -->
</testsuite> <!-- Home Loan -->
