<?xml version="1.0" encoding="UTF-8"?>
<!-- Generated by org.testng.reporters.JUnitXMLReporter -->
<testsuite ignored="6" hostname="LAPTOP-833PJ8RO" failures="0" tests="4" name="Personal Loan" time="0.066" errors="0" timestamp="2022-10-12T21:48:19 GMT-04:00">
  <testcase classname="basic.test2" name="sheLog" time="0.009"/>
  <testcase classname="basic.test2" name="sheOut" time="0.002"/>
  <testcase classname="basic.test3" name="mobilecarloan" time="0.001"/>
  <testcase classname="basic.test4" name="Apihomeloan" time="0.001"/>
  <testcase classname="basic.test3" name="Apicarloan" time="0.0">
    <ignored/>
  </testcase> <!-- Apicarloan -->
  <testcase classname="basic.test2" name="sheSign" time="0.0">
    <ignored/>
  </testcase> <!-- sheSign -->
  <testcase classname="basic.test2" name="me" time="0.0">
    <ignored/>
  </testcase> <!-- me -->
  <testcase classname="basic.test4" name="webhomeloan" time="0.0">
    <ignored/>
  </testcase> <!-- webhomeloan -->
  <testcase classname="basic.test4" name="mobilehomeloan" time="0.0">
    <ignored/>
  </testcase> <!-- mobilehomeloan -->
  <testcase classname="basic.test3" name="webcarloan" time="0.0">
    <ignored/>
  </testcase> <!-- webcarloan -->
</testsuite> <!-- Personal Loan -->
